C:\USERS\SAHIL\DOCUMENTS\NOFOLD\NOFOLDPARAMETERIZATION\X64\RELEASE\EVAL_HESSIAN.OBJ
C:\USERS\SAHIL\DOCUMENTS\NOFOLD\NOFOLDPARAMETERIZATION\X64\RELEASE\LBFGS.OBJ
C:\USERS\SAHIL\DOCUMENTS\NOFOLD\NOFOLDPARAMETERIZATION\X64\RELEASE\MULTIRES.OBJ
C:\USERS\SAHIL\DOCUMENTS\NOFOLD\NOFOLDPARAMETERIZATION\X64\RELEASE\TUTTES_HALFMESH.OBJ
C:\USERS\SAHIL\DOCUMENTS\NOFOLD\NOFOLDPARAMETERIZATION\X64\RELEASE\GLOBAL.OBJ
C:\USERS\SAHIL\DOCUMENTS\NOFOLD\NOFOLDPARAMETERIZATION\X64\RELEASE\LOAD_OBJ_TRIS.OBJ
C:\USERS\SAHIL\DOCUMENTS\NOFOLD\NOFOLDPARAMETERIZATION\X64\RELEASE\MAIN.OBJ
C:\USERS\SAHIL\DOCUMENTS\NOFOLD\NOFOLDPARAMETERIZATION\X64\RELEASE\EVAL_FUNCTIONS.OBJ
C:\USERS\SAHIL\DOCUMENTS\NOFOLD\NOFOLDPARAMETERIZATION\X64\RELEASE\HALFEDGEMESH.OBJ
C:\USERS\SAHIL\DOCUMENTS\NOFOLD\NOFOLDPARAMETERIZATION\X64\RELEASE\MESH_CHARTS.OBJ
C:\USERS\SAHIL\DOCUMENTS\NOFOLD\NOFOLDPARAMETERIZATION\X64\RELEASE\MMAP_FILE.OBJ
C:\USERS\SAHIL\DOCUMENTS\NOFOLD\NOFOLDPARAMETERIZATION\X64\RELEASE\PARAMMETHOD.OBJ
C:\USERS\SAHIL\DOCUMENTS\NOFOLD\NOFOLDPARAMETERIZATION\X64\RELEASE\QEF.OBJ
C:\USERS\SAHIL\DOCUMENTS\NOFOLD\NOFOLDPARAMETERIZATION\X64\RELEASE\TIMER.OBJ
C:\USERS\SAHIL\DOCUMENTS\NOFOLD\NOFOLDPARAMETERIZATION\X64\RELEASE\VECT.OBJ
C:\USERS\SAHIL\DOCUMENTS\NOFOLD\NOFOLDPARAMETERIZATION\X64\RELEASE\BARRIERMETHOD.OBJ
C:\USERS\SAHIL\DOCUMENTS\NOFOLD\NOFOLDPARAMETERIZATION\X64\RELEASE\ISO_PRE.OBJ
C:\USERS\SAHIL\DOCUMENTS\NOFOLD\NOFOLDPARAMETERIZATION\X64\RELEASE\JASONFULL.OBJ
C:\USERS\SAHIL\DOCUMENTS\NOFOLD\X64\RELEASE\NOFOLDPARAMETERIZATION.EXE
C:\USERS\SAHIL\DOCUMENTS\NOFOLD\X64\RELEASE\NOFOLDPARAMETERIZATION.PDB
C:\Users\Sahil\Documents\NoFold\NoFoldParameterization\x64\Release\BarrierMethod.obj
C:\Users\Sahil\Documents\NoFold\NoFoldParameterization\x64\Release\eval_functions.obj
C:\Users\Sahil\Documents\NoFold\NoFoldParameterization\x64\Release\eval_hessian.obj
C:\Users\Sahil\Documents\NoFold\NoFoldParameterization\x64\Release\global.obj
C:\Users\Sahil\Documents\NoFold\NoFoldParameterization\x64\Release\HalfEdgeMesh.obj
C:\Users\Sahil\Documents\NoFold\NoFoldParameterization\x64\Release\iso_pre.obj
C:\Users\Sahil\Documents\NoFold\NoFoldParameterization\x64\Release\JasonFull.obj
C:\Users\Sahil\Documents\NoFold\NoFoldParameterization\x64\Release\lbfgs.obj
C:\Users\Sahil\Documents\NoFold\NoFoldParameterization\x64\Release\load_obj_tris.obj
C:\Users\Sahil\Documents\NoFold\NoFoldParameterization\x64\Release\main.obj
C:\Users\Sahil\Documents\NoFold\NoFoldParameterization\x64\Release\mesh_charts.obj
C:\Users\Sahil\Documents\NoFold\NoFoldParameterization\x64\Release\mmap_file.obj
C:\Users\Sahil\Documents\NoFold\NoFoldParameterization\x64\Release\multires.obj
C:\Users\Sahil\Documents\NoFold\NoFoldParameterization\x64\Release\ParamMethod.obj
C:\Users\Sahil\Documents\NoFold\NoFoldParameterization\x64\Release\QEF.obj
C:\Users\Sahil\Documents\NoFold\NoFoldParameterization\x64\Release\timer.obj
C:\Users\Sahil\Documents\NoFold\NoFoldParameterization\x64\Release\tuttes_halfmesh.obj
C:\Users\Sahil\Documents\NoFold\NoFoldParameterization\x64\Release\vect.obj
C:\Users\Sahil\Documents\NoFold\NoFoldParameterization\x64\Release\CL.1196.read.1.tlog
C:\Users\Sahil\Documents\NoFold\NoFoldParameterization\x64\Release\CL.1196.write.1.tlog
C:\Users\Sahil\Documents\NoFold\NoFoldParameterization\x64\Release\CL.2024.read.1.tlog
C:\Users\Sahil\Documents\NoFold\NoFoldParameterization\x64\Release\CL.2024.write.1.tlog
C:\Users\Sahil\Documents\NoFold\NoFoldParameterization\x64\Release\CL.2176.read.1.tlog
C:\Users\Sahil\Documents\NoFold\NoFoldParameterization\x64\Release\CL.2176.write.1.tlog
C:\Users\Sahil\Documents\NoFold\NoFoldParameterization\x64\Release\CL.2320.read.1.tlog
C:\Users\Sahil\Documents\NoFold\NoFoldParameterization\x64\Release\CL.2320.write.1.tlog
C:\Users\Sahil\Documents\NoFold\NoFoldParameterization\x64\Release\CL.2680.read.1.tlog
C:\Users\Sahil\Documents\NoFold\NoFoldParameterization\x64\Release\CL.2680.write.1.tlog
C:\Users\Sahil\Documents\NoFold\NoFoldParameterization\x64\Release\CL.3284.read.1.tlog
C:\Users\Sahil\Documents\NoFold\NoFoldParameterization\x64\Release\CL.3284.write.1.tlog
C:\Users\Sahil\Documents\NoFold\NoFoldParameterization\x64\Release\CL.3348.read.1.tlog
C:\Users\Sahil\Documents\NoFold\NoFoldParameterization\x64\Release\CL.3348.write.1.tlog
C:\Users\Sahil\Documents\NoFold\NoFoldParameterization\x64\Release\CL.4404.read.1.tlog
C:\Users\Sahil\Documents\NoFold\NoFoldParameterization\x64\Release\CL.4404.write.1.tlog
C:\Users\Sahil\Documents\NoFold\NoFoldParameterization\x64\Release\CL.4532.read.1.tlog
C:\Users\Sahil\Documents\NoFold\NoFoldParameterization\x64\Release\CL.4532.write.1.tlog
C:\Users\Sahil\Documents\NoFold\NoFoldParameterization\x64\Release\CL.4572.read.1.tlog
C:\Users\Sahil\Documents\NoFold\NoFoldParameterization\x64\Release\CL.4572.write.1.tlog
C:\Users\Sahil\Documents\NoFold\NoFoldParameterization\x64\Release\CL.4772.read.1.tlog
C:\Users\Sahil\Documents\NoFold\NoFoldParameterization\x64\Release\CL.4772.write.1.tlog
C:\Users\Sahil\Documents\NoFold\NoFoldParameterization\x64\Release\CL.5492.read.1.tlog
C:\Users\Sahil\Documents\NoFold\NoFoldParameterization\x64\Release\CL.5492.write.1.tlog
C:\Users\Sahil\Documents\NoFold\NoFoldParameterization\x64\Release\CL.5524.read.1.tlog
C:\Users\Sahil\Documents\NoFold\NoFoldParameterization\x64\Release\CL.5524.write.1.tlog
C:\Users\Sahil\Documents\NoFold\NoFoldParameterization\x64\Release\CL.5552.read.1.tlog
C:\Users\Sahil\Documents\NoFold\NoFoldParameterization\x64\Release\CL.5552.write.1.tlog
C:\Users\Sahil\Documents\NoFold\NoFoldParameterization\x64\Release\CL.5828.read.1.tlog
C:\Users\Sahil\Documents\NoFold\NoFoldParameterization\x64\Release\CL.5828.write.1.tlog
C:\Users\Sahil\Documents\NoFold\NoFoldParameterization\x64\Release\CL.5848.read.1.tlog
C:\Users\Sahil\Documents\NoFold\NoFoldParameterization\x64\Release\CL.5848.write.1.tlog
C:\Users\Sahil\Documents\NoFold\NoFoldParameterization\x64\Release\CL.5852.read.1.tlog
C:\Users\Sahil\Documents\NoFold\NoFoldParameterization\x64\Release\CL.5852.write.1.tlog
C:\Users\Sahil\Documents\NoFold\NoFoldParameterization\x64\Release\CL.6032.read.1.tlog
C:\Users\Sahil\Documents\NoFold\NoFoldParameterization\x64\Release\CL.6032.write.1.tlog
C:\Users\Sahil\Documents\NoFold\NoFoldParameterization\x64\Release\CL.6048.read.1.tlog
C:\Users\Sahil\Documents\NoFold\NoFoldParameterization\x64\Release\CL.6048.write.1.tlog
C:\Users\Sahil\Documents\NoFold\NoFoldParameterization\x64\Release\CL.6608.read.1.tlog
C:\Users\Sahil\Documents\NoFold\NoFoldParameterization\x64\Release\CL.6608.write.1.tlog
C:\Users\Sahil\Documents\NoFold\NoFoldParameterization\x64\Release\CL.6636.read.1.tlog
C:\Users\Sahil\Documents\NoFold\NoFoldParameterization\x64\Release\CL.6636.write.1.tlog
C:\Users\Sahil\Documents\NoFold\NoFoldParameterization\x64\Release\CL.6728.read.1.tlog
C:\Users\Sahil\Documents\NoFold\NoFoldParameterization\x64\Release\CL.6728.write.1.tlog
C:\Users\Sahil\Documents\NoFold\NoFoldParameterization\x64\Release\CL.6908.read.1.tlog
C:\Users\Sahil\Documents\NoFold\NoFoldParameterization\x64\Release\CL.6908.write.1.tlog
C:\Users\Sahil\Documents\NoFold\NoFoldParameterization\x64\Release\CL.7124.read.1.tlog
C:\Users\Sahil\Documents\NoFold\NoFoldParameterization\x64\Release\CL.7124.write.1.tlog
C:\Users\Sahil\Documents\NoFold\NoFoldParameterization\x64\Release\cl.command.1.tlog
C:\Users\Sahil\Documents\NoFold\NoFoldParameterization\x64\Release\CL.read.1.tlog
C:\Users\Sahil\Documents\NoFold\NoFoldParameterization\x64\Release\cl.write.1.tlog
C:\Users\Sahil\Documents\NoFold\NoFoldParameterization\x64\Release\link-cvtres.read.1.tlog
C:\Users\Sahil\Documents\NoFold\NoFoldParameterization\x64\Release\link-cvtres.write.1.tlog
C:\Users\Sahil\Documents\NoFold\NoFoldParameterization\x64\Release\link-rc.read.1.tlog
C:\Users\Sahil\Documents\NoFold\NoFoldParameterization\x64\Release\link-rc.write.1.tlog
C:\Users\Sahil\Documents\NoFold\NoFoldParameterization\x64\Release\link.command.1.tlog
C:\Users\Sahil\Documents\NoFold\NoFoldParameterization\x64\Release\link.read.1.tlog
C:\Users\Sahil\Documents\NoFold\NoFoldParameterization\x64\Release\link.write.1.tlog
C:\Users\Sahil\Documents\NoFold\x64\Release\NoFoldParameterization.pdb
C:\Users\Sahil\Documents\NoFold\x64\Release\NoFoldParameterization.exe
