C:\USERS\SAHIL\DOCUMENTS\NOFOLD2 EIGEN 3.3\NOFOLDPARAMETERIZATION\RELEASE\VECT.OBJ
C:\USERS\SAHIL\DOCUMENTS\NOFOLD2 EIGEN 3.3\NOFOLDPARAMETERIZATION\RELEASE\TUTTES_HALFMESH.OBJ
C:\USERS\SAHIL\DOCUMENTS\NOFOLD2 EIGEN 3.3\NOFOLDPARAMETERIZATION\RELEASE\TIMER.OBJ
C:\USERS\SAHIL\DOCUMENTS\NOFOLD2 EIGEN 3.3\NOFOLDPARAMETERIZATION\RELEASE\QEF.OBJ
C:\USERS\SAHIL\DOCUMENTS\NOFOLD2 EIGEN 3.3\NOFOLDPARAMETERIZATION\RELEASE\PARAMMETHOD.OBJ
C:\USERS\SAHIL\DOCUMENTS\NOFOLD2 EIGEN 3.3\NOFOLDPARAMETERIZATION\RELEASE\MULTIRES.OBJ
C:\USERS\SAHIL\DOCUMENTS\NOFOLD2 EIGEN 3.3\NOFOLDPARAMETERIZATION\RELEASE\MMAP_FILE.OBJ
C:\USERS\SAHIL\DOCUMENTS\NOFOLD2 EIGEN 3.3\NOFOLDPARAMETERIZATION\RELEASE\MESH_CHARTS.OBJ
C:\USERS\SAHIL\DOCUMENTS\NOFOLD2 EIGEN 3.3\NOFOLDPARAMETERIZATION\RELEASE\MAIN.OBJ
C:\USERS\SAHIL\DOCUMENTS\NOFOLD2 EIGEN 3.3\NOFOLDPARAMETERIZATION\RELEASE\LOAD_OBJ_TRIS.OBJ
C:\USERS\SAHIL\DOCUMENTS\NOFOLD2 EIGEN 3.3\NOFOLDPARAMETERIZATION\RELEASE\LBFGS.OBJ
C:\USERS\SAHIL\DOCUMENTS\NOFOLD2 EIGEN 3.3\NOFOLDPARAMETERIZATION\RELEASE\JASONFULL.OBJ
C:\USERS\SAHIL\DOCUMENTS\NOFOLD2 EIGEN 3.3\NOFOLDPARAMETERIZATION\RELEASE\ISO_PRE.OBJ
C:\USERS\SAHIL\DOCUMENTS\NOFOLD2 EIGEN 3.3\NOFOLDPARAMETERIZATION\RELEASE\HALFEDGEMESH.OBJ
C:\USERS\SAHIL\DOCUMENTS\NOFOLD2 EIGEN 3.3\NOFOLDPARAMETERIZATION\RELEASE\GLOBAL.OBJ
C:\USERS\SAHIL\DOCUMENTS\NOFOLD2 EIGEN 3.3\NOFOLDPARAMETERIZATION\RELEASE\EVAL_HESSIAN.OBJ
C:\USERS\SAHIL\DOCUMENTS\NOFOLD2 EIGEN 3.3\NOFOLDPARAMETERIZATION\RELEASE\EVAL_FUNCTIONS.OBJ
C:\USERS\SAHIL\DOCUMENTS\NOFOLD2 EIGEN 3.3\NOFOLDPARAMETERIZATION\RELEASE\BARRIERMETHOD.OBJ
C:\USERS\SAHIL\DOCUMENTS\NOFOLD2 EIGEN 3.3\NOFOLDPARAMETERIZATION\RELEASE\VC110.PDB
C:\USERS\SAHIL\DOCUMENTS\NOFOLD2 EIGEN 3.3\RELEASE\NOFOLDCLEANUP.EXE
C:\USERS\SAHIL\DOCUMENTS\NOFOLD2 EIGEN 3.3\RELEASE\NOFOLDCLEANUP.PDB
C:\Users\Sahil\Documents\NoFold2 Eigen 3.3\NoFoldParameterization\Release\BarrierMethod.obj
C:\Users\Sahil\Documents\NoFold2 Eigen 3.3\NoFoldParameterization\Release\eval_functions.obj
C:\Users\Sahil\Documents\NoFold2 Eigen 3.3\NoFoldParameterization\Release\eval_hessian.obj
C:\Users\Sahil\Documents\NoFold2 Eigen 3.3\NoFoldParameterization\Release\global.obj
C:\Users\Sahil\Documents\NoFold2 Eigen 3.3\NoFoldParameterization\Release\HalfEdgeMesh.obj
C:\Users\Sahil\Documents\NoFold2 Eigen 3.3\NoFoldParameterization\Release\iso_pre.obj
C:\Users\Sahil\Documents\NoFold2 Eigen 3.3\NoFoldParameterization\Release\JasonFull.obj
C:\Users\Sahil\Documents\NoFold2 Eigen 3.3\NoFoldParameterization\Release\lbfgs.obj
C:\Users\Sahil\Documents\NoFold2 Eigen 3.3\NoFoldParameterization\Release\load_obj_tris.obj
C:\Users\Sahil\Documents\NoFold2 Eigen 3.3\NoFoldParameterization\Release\main.obj
C:\Users\Sahil\Documents\NoFold2 Eigen 3.3\NoFoldParameterization\Release\mesh_charts.obj
C:\Users\Sahil\Documents\NoFold2 Eigen 3.3\NoFoldParameterization\Release\mmap_file.obj
C:\Users\Sahil\Documents\NoFold2 Eigen 3.3\NoFoldParameterization\Release\multires.obj
C:\Users\Sahil\Documents\NoFold2 Eigen 3.3\NoFoldParameterization\Release\ParamMethod.obj
C:\Users\Sahil\Documents\NoFold2 Eigen 3.3\NoFoldParameterization\Release\QEF.obj
C:\Users\Sahil\Documents\NoFold2 Eigen 3.3\NoFoldParameterization\Release\timer.obj
C:\Users\Sahil\Documents\NoFold2 Eigen 3.3\NoFoldParameterization\Release\tuttes_halfmesh.obj
C:\Users\Sahil\Documents\NoFold2 Eigen 3.3\NoFoldParameterization\Release\vect.obj
C:\Users\Sahil\Documents\NoFold2 Eigen 3.3\NoFoldParameterization\Release\cl.command.1.tlog
C:\Users\Sahil\Documents\NoFold2 Eigen 3.3\NoFoldParameterization\Release\CL.read.1.tlog
C:\Users\Sahil\Documents\NoFold2 Eigen 3.3\NoFoldParameterization\Release\CL.write.1.tlog
C:\Users\Sahil\Documents\NoFold2 Eigen 3.3\NoFoldParameterization\Release\link-cvtres.read.1.tlog
C:\Users\Sahil\Documents\NoFold2 Eigen 3.3\NoFoldParameterization\Release\link-cvtres.write.1.tlog
C:\Users\Sahil\Documents\NoFold2 Eigen 3.3\NoFoldParameterization\Release\link-rc.read.1.tlog
C:\Users\Sahil\Documents\NoFold2 Eigen 3.3\NoFoldParameterization\Release\link-rc.write.1.tlog
C:\Users\Sahil\Documents\NoFold2 Eigen 3.3\NoFoldParameterization\Release\link.command.1.tlog
C:\Users\Sahil\Documents\NoFold2 Eigen 3.3\NoFoldParameterization\Release\link.read.1.tlog
C:\Users\Sahil\Documents\NoFold2 Eigen 3.3\NoFoldParameterization\Release\link.write.1.tlog
C:\Users\Sahil\Documents\NoFold2 Eigen 3.3\NoFoldParameterization\Release\vc110.pdb
C:\Users\Sahil\Documents\NoFold2 Eigen 3.3\Release\NoFoldCleanup.pdb
C:\Users\Sahil\Documents\NoFold2 Eigen 3.3\Release\NoFoldCleanup.exe
