C:\USERS\SAHIL\DOCUMENTS\NOFOLD2\NOFOLDPARAMETERIZATION\DEBUG\BARRIERMETHOD.OBJ
C:\USERS\SAHIL\DOCUMENTS\NOFOLD2\NOFOLDPARAMETERIZATION\DEBUG\EVAL_FUNCTIONS.OBJ
C:\USERS\SAHIL\DOCUMENTS\NOFOLD2\NOFOLDPARAMETERIZATION\DEBUG\EVAL_HESSIAN.OBJ
C:\USERS\SAHIL\DOCUMENTS\NOFOLD2\NOFOLDPARAMETERIZATION\DEBUG\GLOBAL.OBJ
C:\USERS\SAHIL\DOCUMENTS\NOFOLD2\NOFOLDPARAMETERIZATION\DEBUG\HALFEDGEMESH.OBJ
C:\USERS\SAHIL\DOCUMENTS\NOFOLD2\NOFOLDPARAMETERIZATION\DEBUG\ISO_PRE.OBJ
C:\USERS\SAHIL\DOCUMENTS\NOFOLD2\NOFOLDPARAMETERIZATION\DEBUG\JASONFULL.OBJ
C:\USERS\SAHIL\DOCUMENTS\NOFOLD2\NOFOLDPARAMETERIZATION\DEBUG\LBFGS.OBJ
C:\USERS\SAHIL\DOCUMENTS\NOFOLD2\NOFOLDPARAMETERIZATION\DEBUG\LOAD_OBJ_TRIS.OBJ
C:\USERS\SAHIL\DOCUMENTS\NOFOLD2\NOFOLDPARAMETERIZATION\DEBUG\MAIN.OBJ
C:\USERS\SAHIL\DOCUMENTS\NOFOLD2\NOFOLDPARAMETERIZATION\DEBUG\MESH_CHARTS.OBJ
C:\USERS\SAHIL\DOCUMENTS\NOFOLD2\NOFOLDPARAMETERIZATION\DEBUG\MMAP_FILE.OBJ
C:\USERS\SAHIL\DOCUMENTS\NOFOLD2\NOFOLDPARAMETERIZATION\DEBUG\MULTIRES.OBJ
C:\USERS\SAHIL\DOCUMENTS\NOFOLD2\NOFOLDPARAMETERIZATION\DEBUG\PARAMMETHOD.OBJ
C:\USERS\SAHIL\DOCUMENTS\NOFOLD2\NOFOLDPARAMETERIZATION\DEBUG\QEF.OBJ
C:\USERS\SAHIL\DOCUMENTS\NOFOLD2\NOFOLDPARAMETERIZATION\DEBUG\TIMER.OBJ
C:\USERS\SAHIL\DOCUMENTS\NOFOLD2\NOFOLDPARAMETERIZATION\DEBUG\TUTTES_HALFMESH.OBJ
C:\USERS\SAHIL\DOCUMENTS\NOFOLD2\NOFOLDPARAMETERIZATION\DEBUG\VECT.OBJ
C:\USERS\SAHIL\DOCUMENTS\NOFOLD2\NOFOLDPARAMETERIZATION\DEBUG\VC110.PDB
C:\USERS\SAHIL\DOCUMENTS\NOFOLD2 EIGEN 3.3\NOFOLDPARAMETERIZATION\DEBUG\BARRIERMETHOD.OBJ
C:\USERS\SAHIL\DOCUMENTS\NOFOLD2 EIGEN 3.3\NOFOLDPARAMETERIZATION\DEBUG\EVAL_FUNCTIONS.OBJ
C:\USERS\SAHIL\DOCUMENTS\NOFOLD2 EIGEN 3.3\NOFOLDPARAMETERIZATION\DEBUG\EVAL_HESSIAN.OBJ
C:\USERS\SAHIL\DOCUMENTS\NOFOLD2 EIGEN 3.3\NOFOLDPARAMETERIZATION\DEBUG\GLOBAL.OBJ
C:\USERS\SAHIL\DOCUMENTS\NOFOLD2 EIGEN 3.3\NOFOLDPARAMETERIZATION\DEBUG\HALFEDGEMESH.OBJ
C:\USERS\SAHIL\DOCUMENTS\NOFOLD2 EIGEN 3.3\NOFOLDPARAMETERIZATION\DEBUG\ISO_PRE.OBJ
C:\USERS\SAHIL\DOCUMENTS\NOFOLD2 EIGEN 3.3\NOFOLDPARAMETERIZATION\DEBUG\LBFGS.OBJ
C:\USERS\SAHIL\DOCUMENTS\NOFOLD2 EIGEN 3.3\NOFOLDPARAMETERIZATION\DEBUG\LOAD_OBJ_TRIS.OBJ
C:\USERS\SAHIL\DOCUMENTS\NOFOLD2 EIGEN 3.3\NOFOLDPARAMETERIZATION\DEBUG\MESH_CHARTS.OBJ
C:\USERS\SAHIL\DOCUMENTS\NOFOLD2 EIGEN 3.3\NOFOLDPARAMETERIZATION\DEBUG\MMAP_FILE.OBJ
C:\USERS\SAHIL\DOCUMENTS\NOFOLD2 EIGEN 3.3\NOFOLDPARAMETERIZATION\DEBUG\PARAMMETHOD.OBJ
C:\USERS\SAHIL\DOCUMENTS\NOFOLD2 EIGEN 3.3\NOFOLDPARAMETERIZATION\DEBUG\QEF.OBJ
C:\USERS\SAHIL\DOCUMENTS\NOFOLD2 EIGEN 3.3\NOFOLDPARAMETERIZATION\DEBUG\TIMER.OBJ
C:\USERS\SAHIL\DOCUMENTS\NOFOLD2 EIGEN 3.3\NOFOLDPARAMETERIZATION\DEBUG\TUTTES_HALFMESH.OBJ
C:\USERS\SAHIL\DOCUMENTS\NOFOLD2 EIGEN 3.3\NOFOLDPARAMETERIZATION\DEBUG\VECT.OBJ
C:\USERS\SAHIL\DOCUMENTS\NOFOLD2 EIGEN 3.3\NOFOLDPARAMETERIZATION\DEBUG\VC110.PDB
C:\USERS\SAHIL\DOCUMENTS\NOFOLD2 EIGEN 3.3\NOFOLDPARAMETERIZATION\DEBUG\JASONFULL.OBJ
C:\USERS\SAHIL\DOCUMENTS\NOFOLD2 EIGEN 3.3\NOFOLDPARAMETERIZATION\DEBUG\MAIN.OBJ
C:\USERS\SAHIL\DOCUMENTS\NOFOLD2 EIGEN 3.3\NOFOLDPARAMETERIZATION\DEBUG\MULTIRES.OBJ
C:\USERS\SAHIL\DOCUMENTS\NOFOLD2\DEBUG\NOFOLDCLEANUP.ILK
C:\USERS\SAHIL\DOCUMENTS\NOFOLD2\DEBUG\NOFOLDCLEANUP.EXE
C:\USERS\SAHIL\DOCUMENTS\NOFOLD2\DEBUG\NOFOLDCLEANUP.PDB
C:\USERS\SAHIL\DOCUMENTS\NOFOLD2 EIGEN 3.3\DEBUG\NOFOLDCLEANUP.ILK
C:\USERS\SAHIL\DOCUMENTS\NOFOLD2 EIGEN 3.3\DEBUG\NOFOLDCLEANUP.EXE
C:\USERS\SAHIL\DOCUMENTS\NOFOLD2 EIGEN 3.3\DEBUG\NOFOLDCLEANUP.PDB
C:\Users\Sahil\Documents\NoFold2 Eigen 3.3\NoFoldParameterization\Debug\BarrierMethod.obj
C:\Users\Sahil\Documents\NoFold2 Eigen 3.3\NoFoldParameterization\Debug\eval_functions.obj
C:\Users\Sahil\Documents\NoFold2 Eigen 3.3\NoFoldParameterization\Debug\eval_hessian.obj
C:\Users\Sahil\Documents\NoFold2 Eigen 3.3\NoFoldParameterization\Debug\global.obj
C:\Users\Sahil\Documents\NoFold2 Eigen 3.3\NoFoldParameterization\Debug\HalfEdgeMesh.obj
C:\Users\Sahil\Documents\NoFold2 Eigen 3.3\NoFoldParameterization\Debug\iso_pre.obj
C:\Users\Sahil\Documents\NoFold2 Eigen 3.3\NoFoldParameterization\Debug\JasonFull.obj
C:\Users\Sahil\Documents\NoFold2 Eigen 3.3\NoFoldParameterization\Debug\lbfgs.obj
C:\Users\Sahil\Documents\NoFold2 Eigen 3.3\NoFoldParameterization\Debug\load_obj_tris.obj
C:\Users\Sahil\Documents\NoFold2 Eigen 3.3\NoFoldParameterization\Debug\main.obj
C:\Users\Sahil\Documents\NoFold2 Eigen 3.3\NoFoldParameterization\Debug\mesh_charts.obj
C:\Users\Sahil\Documents\NoFold2 Eigen 3.3\NoFoldParameterization\Debug\mmap_file.obj
C:\Users\Sahil\Documents\NoFold2 Eigen 3.3\NoFoldParameterization\Debug\multires.obj
C:\Users\Sahil\Documents\NoFold2 Eigen 3.3\NoFoldParameterization\Debug\ParamMethod.obj
C:\Users\Sahil\Documents\NoFold2 Eigen 3.3\NoFoldParameterization\Debug\QEF.obj
C:\Users\Sahil\Documents\NoFold2 Eigen 3.3\NoFoldParameterization\Debug\timer.obj
C:\Users\Sahil\Documents\NoFold2 Eigen 3.3\NoFoldParameterization\Debug\tuttes_halfmesh.obj
C:\Users\Sahil\Documents\NoFold2 Eigen 3.3\NoFoldParameterization\Debug\vect.obj
C:\Users\Sahil\Documents\NoFold2 Eigen 3.3\NoFoldParameterization\Debug\cl.command.1.tlog
C:\Users\Sahil\Documents\NoFold2 Eigen 3.3\NoFoldParameterization\Debug\CL.read.1.tlog
C:\Users\Sahil\Documents\NoFold2 Eigen 3.3\NoFoldParameterization\Debug\CL.write.1.tlog
C:\Users\Sahil\Documents\NoFold2 Eigen 3.3\NoFoldParameterization\Debug\link-cvtres.read.1.tlog
C:\Users\Sahil\Documents\NoFold2 Eigen 3.3\NoFoldParameterization\Debug\link-cvtres.write.1.tlog
C:\Users\Sahil\Documents\NoFold2 Eigen 3.3\NoFoldParameterization\Debug\link-rc.read.1.tlog
C:\Users\Sahil\Documents\NoFold2 Eigen 3.3\NoFoldParameterization\Debug\link-rc.write.1.tlog
C:\Users\Sahil\Documents\NoFold2 Eigen 3.3\NoFoldParameterization\Debug\link.10464-cvtres.read.1.tlog
C:\Users\Sahil\Documents\NoFold2 Eigen 3.3\NoFoldParameterization\Debug\link.10464-cvtres.write.1.tlog
C:\Users\Sahil\Documents\NoFold2 Eigen 3.3\NoFoldParameterization\Debug\link.10464-rc.read.1.tlog
C:\Users\Sahil\Documents\NoFold2 Eigen 3.3\NoFoldParameterization\Debug\link.10464-rc.write.1.tlog
C:\Users\Sahil\Documents\NoFold2 Eigen 3.3\NoFoldParameterization\Debug\link.10464.read.1.tlog
C:\Users\Sahil\Documents\NoFold2 Eigen 3.3\NoFoldParameterization\Debug\link.10464.write.1.tlog
C:\Users\Sahil\Documents\NoFold2 Eigen 3.3\NoFoldParameterization\Debug\link.2176-cvtres.read.1.tlog
C:\Users\Sahil\Documents\NoFold2 Eigen 3.3\NoFoldParameterization\Debug\link.2176-cvtres.write.1.tlog
C:\Users\Sahil\Documents\NoFold2 Eigen 3.3\NoFoldParameterization\Debug\link.2176-rc.read.1.tlog
C:\Users\Sahil\Documents\NoFold2 Eigen 3.3\NoFoldParameterization\Debug\link.2176-rc.write.1.tlog
C:\Users\Sahil\Documents\NoFold2 Eigen 3.3\NoFoldParameterization\Debug\link.2176.read.1.tlog
C:\Users\Sahil\Documents\NoFold2 Eigen 3.3\NoFoldParameterization\Debug\link.2176.write.1.tlog
C:\Users\Sahil\Documents\NoFold2 Eigen 3.3\NoFoldParameterization\Debug\link.2276-cvtres.read.1.tlog
C:\Users\Sahil\Documents\NoFold2 Eigen 3.3\NoFoldParameterization\Debug\link.2276-cvtres.write.1.tlog
C:\Users\Sahil\Documents\NoFold2 Eigen 3.3\NoFoldParameterization\Debug\link.2276-rc.read.1.tlog
C:\Users\Sahil\Documents\NoFold2 Eigen 3.3\NoFoldParameterization\Debug\link.2276-rc.write.1.tlog
C:\Users\Sahil\Documents\NoFold2 Eigen 3.3\NoFoldParameterization\Debug\link.2276.read.1.tlog
C:\Users\Sahil\Documents\NoFold2 Eigen 3.3\NoFoldParameterization\Debug\link.2276.write.1.tlog
C:\Users\Sahil\Documents\NoFold2 Eigen 3.3\NoFoldParameterization\Debug\link.2324-cvtres.read.1.tlog
C:\Users\Sahil\Documents\NoFold2 Eigen 3.3\NoFoldParameterization\Debug\link.2324-cvtres.write.1.tlog
C:\Users\Sahil\Documents\NoFold2 Eigen 3.3\NoFoldParameterization\Debug\link.2324-rc.read.1.tlog
C:\Users\Sahil\Documents\NoFold2 Eigen 3.3\NoFoldParameterization\Debug\link.2324-rc.write.1.tlog
C:\Users\Sahil\Documents\NoFold2 Eigen 3.3\NoFoldParameterization\Debug\link.2324.read.1.tlog
C:\Users\Sahil\Documents\NoFold2 Eigen 3.3\NoFoldParameterization\Debug\link.2324.write.1.tlog
C:\Users\Sahil\Documents\NoFold2 Eigen 3.3\NoFoldParameterization\Debug\link.3116-cvtres.read.1.tlog
C:\Users\Sahil\Documents\NoFold2 Eigen 3.3\NoFoldParameterization\Debug\link.3116-cvtres.write.1.tlog
C:\Users\Sahil\Documents\NoFold2 Eigen 3.3\NoFoldParameterization\Debug\link.3116-rc.read.1.tlog
C:\Users\Sahil\Documents\NoFold2 Eigen 3.3\NoFoldParameterization\Debug\link.3116-rc.write.1.tlog
C:\Users\Sahil\Documents\NoFold2 Eigen 3.3\NoFoldParameterization\Debug\link.3116.read.1.tlog
C:\Users\Sahil\Documents\NoFold2 Eigen 3.3\NoFoldParameterization\Debug\link.3116.write.1.tlog
C:\Users\Sahil\Documents\NoFold2 Eigen 3.3\NoFoldParameterization\Debug\link.3748-cvtres.read.1.tlog
C:\Users\Sahil\Documents\NoFold2 Eigen 3.3\NoFoldParameterization\Debug\link.3748-cvtres.write.1.tlog
C:\Users\Sahil\Documents\NoFold2 Eigen 3.3\NoFoldParameterization\Debug\link.3748-rc.read.1.tlog
C:\Users\Sahil\Documents\NoFold2 Eigen 3.3\NoFoldParameterization\Debug\link.3748-rc.write.1.tlog
C:\Users\Sahil\Documents\NoFold2 Eigen 3.3\NoFoldParameterization\Debug\link.3748.read.1.tlog
C:\Users\Sahil\Documents\NoFold2 Eigen 3.3\NoFoldParameterization\Debug\link.3748.write.1.tlog
C:\Users\Sahil\Documents\NoFold2 Eigen 3.3\NoFoldParameterization\Debug\link.4112-cvtres.read.1.tlog
C:\Users\Sahil\Documents\NoFold2 Eigen 3.3\NoFoldParameterization\Debug\link.4112-cvtres.write.1.tlog
C:\Users\Sahil\Documents\NoFold2 Eigen 3.3\NoFoldParameterization\Debug\link.4112-rc.read.1.tlog
C:\Users\Sahil\Documents\NoFold2 Eigen 3.3\NoFoldParameterization\Debug\link.4112-rc.write.1.tlog
C:\Users\Sahil\Documents\NoFold2 Eigen 3.3\NoFoldParameterization\Debug\link.4112.read.1.tlog
C:\Users\Sahil\Documents\NoFold2 Eigen 3.3\NoFoldParameterization\Debug\link.4112.write.1.tlog
C:\Users\Sahil\Documents\NoFold2 Eigen 3.3\NoFoldParameterization\Debug\link.4376-cvtres.read.1.tlog
C:\Users\Sahil\Documents\NoFold2 Eigen 3.3\NoFoldParameterization\Debug\link.4376-cvtres.write.1.tlog
C:\Users\Sahil\Documents\NoFold2 Eigen 3.3\NoFoldParameterization\Debug\link.4376-rc.read.1.tlog
C:\Users\Sahil\Documents\NoFold2 Eigen 3.3\NoFoldParameterization\Debug\link.4376-rc.write.1.tlog
C:\Users\Sahil\Documents\NoFold2 Eigen 3.3\NoFoldParameterization\Debug\link.4376.read.1.tlog
C:\Users\Sahil\Documents\NoFold2 Eigen 3.3\NoFoldParameterization\Debug\link.4376.write.1.tlog
C:\Users\Sahil\Documents\NoFold2 Eigen 3.3\NoFoldParameterization\Debug\link.4424-cvtres.read.1.tlog
C:\Users\Sahil\Documents\NoFold2 Eigen 3.3\NoFoldParameterization\Debug\link.4424-cvtres.write.1.tlog
C:\Users\Sahil\Documents\NoFold2 Eigen 3.3\NoFoldParameterization\Debug\link.4424-rc.read.1.tlog
C:\Users\Sahil\Documents\NoFold2 Eigen 3.3\NoFoldParameterization\Debug\link.4424-rc.write.1.tlog
C:\Users\Sahil\Documents\NoFold2 Eigen 3.3\NoFoldParameterization\Debug\link.4424.read.1.tlog
C:\Users\Sahil\Documents\NoFold2 Eigen 3.3\NoFoldParameterization\Debug\link.4424.write.1.tlog
C:\Users\Sahil\Documents\NoFold2 Eigen 3.3\NoFoldParameterization\Debug\link.4452-cvtres.read.1.tlog
C:\Users\Sahil\Documents\NoFold2 Eigen 3.3\NoFoldParameterization\Debug\link.4452-cvtres.write.1.tlog
C:\Users\Sahil\Documents\NoFold2 Eigen 3.3\NoFoldParameterization\Debug\link.4452-rc.read.1.tlog
C:\Users\Sahil\Documents\NoFold2 Eigen 3.3\NoFoldParameterization\Debug\link.4452-rc.write.1.tlog
C:\Users\Sahil\Documents\NoFold2 Eigen 3.3\NoFoldParameterization\Debug\link.4452.read.1.tlog
C:\Users\Sahil\Documents\NoFold2 Eigen 3.3\NoFoldParameterization\Debug\link.4452.write.1.tlog
C:\Users\Sahil\Documents\NoFold2 Eigen 3.3\NoFoldParameterization\Debug\link.5008-cvtres.read.1.tlog
C:\Users\Sahil\Documents\NoFold2 Eigen 3.3\NoFoldParameterization\Debug\link.5008-cvtres.write.1.tlog
C:\Users\Sahil\Documents\NoFold2 Eigen 3.3\NoFoldParameterization\Debug\link.5008-rc.read.1.tlog
C:\Users\Sahil\Documents\NoFold2 Eigen 3.3\NoFoldParameterization\Debug\link.5008-rc.write.1.tlog
C:\Users\Sahil\Documents\NoFold2 Eigen 3.3\NoFoldParameterization\Debug\link.5008.read.1.tlog
C:\Users\Sahil\Documents\NoFold2 Eigen 3.3\NoFoldParameterization\Debug\link.5008.write.1.tlog
C:\Users\Sahil\Documents\NoFold2 Eigen 3.3\NoFoldParameterization\Debug\link.5128-cvtres.read.1.tlog
C:\Users\Sahil\Documents\NoFold2 Eigen 3.3\NoFoldParameterization\Debug\link.5128-cvtres.write.1.tlog
C:\Users\Sahil\Documents\NoFold2 Eigen 3.3\NoFoldParameterization\Debug\link.5128-rc.read.1.tlog
C:\Users\Sahil\Documents\NoFold2 Eigen 3.3\NoFoldParameterization\Debug\link.5128-rc.write.1.tlog
C:\Users\Sahil\Documents\NoFold2 Eigen 3.3\NoFoldParameterization\Debug\link.5128.read.1.tlog
C:\Users\Sahil\Documents\NoFold2 Eigen 3.3\NoFoldParameterization\Debug\link.5128.write.1.tlog
C:\Users\Sahil\Documents\NoFold2 Eigen 3.3\NoFoldParameterization\Debug\link.5400-cvtres.read.1.tlog
C:\Users\Sahil\Documents\NoFold2 Eigen 3.3\NoFoldParameterization\Debug\link.5400-cvtres.write.1.tlog
C:\Users\Sahil\Documents\NoFold2 Eigen 3.3\NoFoldParameterization\Debug\link.5400-rc.read.1.tlog
C:\Users\Sahil\Documents\NoFold2 Eigen 3.3\NoFoldParameterization\Debug\link.5400-rc.write.1.tlog
C:\Users\Sahil\Documents\NoFold2 Eigen 3.3\NoFoldParameterization\Debug\link.5400.read.1.tlog
C:\Users\Sahil\Documents\NoFold2 Eigen 3.3\NoFoldParameterization\Debug\link.5400.write.1.tlog
C:\Users\Sahil\Documents\NoFold2 Eigen 3.3\NoFoldParameterization\Debug\link.6188-cvtres.read.1.tlog
C:\Users\Sahil\Documents\NoFold2 Eigen 3.3\NoFoldParameterization\Debug\link.6188-cvtres.write.1.tlog
C:\Users\Sahil\Documents\NoFold2 Eigen 3.3\NoFoldParameterization\Debug\link.6188-rc.read.1.tlog
C:\Users\Sahil\Documents\NoFold2 Eigen 3.3\NoFoldParameterization\Debug\link.6188-rc.write.1.tlog
C:\Users\Sahil\Documents\NoFold2 Eigen 3.3\NoFoldParameterization\Debug\link.6188.read.1.tlog
C:\Users\Sahil\Documents\NoFold2 Eigen 3.3\NoFoldParameterization\Debug\link.6188.write.1.tlog
C:\Users\Sahil\Documents\NoFold2 Eigen 3.3\NoFoldParameterization\Debug\link.6692-cvtres.read.1.tlog
C:\Users\Sahil\Documents\NoFold2 Eigen 3.3\NoFoldParameterization\Debug\link.6692-cvtres.write.1.tlog
C:\Users\Sahil\Documents\NoFold2 Eigen 3.3\NoFoldParameterization\Debug\link.6692-rc.read.1.tlog
C:\Users\Sahil\Documents\NoFold2 Eigen 3.3\NoFoldParameterization\Debug\link.6692-rc.write.1.tlog
C:\Users\Sahil\Documents\NoFold2 Eigen 3.3\NoFoldParameterization\Debug\link.6692.read.1.tlog
C:\Users\Sahil\Documents\NoFold2 Eigen 3.3\NoFoldParameterization\Debug\link.6692.write.1.tlog
C:\Users\Sahil\Documents\NoFold2 Eigen 3.3\NoFoldParameterization\Debug\link.6988-cvtres.read.1.tlog
C:\Users\Sahil\Documents\NoFold2 Eigen 3.3\NoFoldParameterization\Debug\link.6988-cvtres.write.1.tlog
C:\Users\Sahil\Documents\NoFold2 Eigen 3.3\NoFoldParameterization\Debug\link.6988-rc.read.1.tlog
C:\Users\Sahil\Documents\NoFold2 Eigen 3.3\NoFoldParameterization\Debug\link.6988-rc.write.1.tlog
C:\Users\Sahil\Documents\NoFold2 Eigen 3.3\NoFoldParameterization\Debug\link.6988.read.1.tlog
C:\Users\Sahil\Documents\NoFold2 Eigen 3.3\NoFoldParameterization\Debug\link.6988.write.1.tlog
C:\Users\Sahil\Documents\NoFold2 Eigen 3.3\NoFoldParameterization\Debug\link.7020-cvtres.read.1.tlog
C:\Users\Sahil\Documents\NoFold2 Eigen 3.3\NoFoldParameterization\Debug\link.7020-cvtres.write.1.tlog
C:\Users\Sahil\Documents\NoFold2 Eigen 3.3\NoFoldParameterization\Debug\link.7020-rc.read.1.tlog
C:\Users\Sahil\Documents\NoFold2 Eigen 3.3\NoFoldParameterization\Debug\link.7020-rc.write.1.tlog
C:\Users\Sahil\Documents\NoFold2 Eigen 3.3\NoFoldParameterization\Debug\link.7020.read.1.tlog
C:\Users\Sahil\Documents\NoFold2 Eigen 3.3\NoFoldParameterization\Debug\link.7020.write.1.tlog
C:\Users\Sahil\Documents\NoFold2 Eigen 3.3\NoFoldParameterization\Debug\link.7072-cvtres.read.1.tlog
C:\Users\Sahil\Documents\NoFold2 Eigen 3.3\NoFoldParameterization\Debug\link.7072-cvtres.write.1.tlog
C:\Users\Sahil\Documents\NoFold2 Eigen 3.3\NoFoldParameterization\Debug\link.7072-rc.read.1.tlog
C:\Users\Sahil\Documents\NoFold2 Eigen 3.3\NoFoldParameterization\Debug\link.7072-rc.write.1.tlog
C:\Users\Sahil\Documents\NoFold2 Eigen 3.3\NoFoldParameterization\Debug\link.7072.read.1.tlog
C:\Users\Sahil\Documents\NoFold2 Eigen 3.3\NoFoldParameterization\Debug\link.7072.write.1.tlog
C:\Users\Sahil\Documents\NoFold2 Eigen 3.3\NoFoldParameterization\Debug\link.7416-cvtres.read.1.tlog
C:\Users\Sahil\Documents\NoFold2 Eigen 3.3\NoFoldParameterization\Debug\link.7416-cvtres.write.1.tlog
C:\Users\Sahil\Documents\NoFold2 Eigen 3.3\NoFoldParameterization\Debug\link.7416-rc.read.1.tlog
C:\Users\Sahil\Documents\NoFold2 Eigen 3.3\NoFoldParameterization\Debug\link.7416-rc.write.1.tlog
C:\Users\Sahil\Documents\NoFold2 Eigen 3.3\NoFoldParameterization\Debug\link.7416.read.1.tlog
C:\Users\Sahil\Documents\NoFold2 Eigen 3.3\NoFoldParameterization\Debug\link.7416.write.1.tlog
C:\Users\Sahil\Documents\NoFold2 Eigen 3.3\NoFoldParameterization\Debug\link.8556-cvtres.read.1.tlog
C:\Users\Sahil\Documents\NoFold2 Eigen 3.3\NoFoldParameterization\Debug\link.8556-cvtres.write.1.tlog
C:\Users\Sahil\Documents\NoFold2 Eigen 3.3\NoFoldParameterization\Debug\link.8556-rc.read.1.tlog
C:\Users\Sahil\Documents\NoFold2 Eigen 3.3\NoFoldParameterization\Debug\link.8556-rc.write.1.tlog
C:\Users\Sahil\Documents\NoFold2 Eigen 3.3\NoFoldParameterization\Debug\link.8556.read.1.tlog
C:\Users\Sahil\Documents\NoFold2 Eigen 3.3\NoFoldParameterization\Debug\link.8556.write.1.tlog
C:\Users\Sahil\Documents\NoFold2 Eigen 3.3\NoFoldParameterization\Debug\link.8696-cvtres.read.1.tlog
C:\Users\Sahil\Documents\NoFold2 Eigen 3.3\NoFoldParameterization\Debug\link.8696-cvtres.write.1.tlog
C:\Users\Sahil\Documents\NoFold2 Eigen 3.3\NoFoldParameterization\Debug\link.8696-rc.read.1.tlog
C:\Users\Sahil\Documents\NoFold2 Eigen 3.3\NoFoldParameterization\Debug\link.8696-rc.write.1.tlog
C:\Users\Sahil\Documents\NoFold2 Eigen 3.3\NoFoldParameterization\Debug\link.8696.read.1.tlog
C:\Users\Sahil\Documents\NoFold2 Eigen 3.3\NoFoldParameterization\Debug\link.8696.write.1.tlog
C:\Users\Sahil\Documents\NoFold2 Eigen 3.3\NoFoldParameterization\Debug\link.8848-cvtres.read.1.tlog
C:\Users\Sahil\Documents\NoFold2 Eigen 3.3\NoFoldParameterization\Debug\link.8848-cvtres.write.1.tlog
C:\Users\Sahil\Documents\NoFold2 Eigen 3.3\NoFoldParameterization\Debug\link.8848-rc.read.1.tlog
C:\Users\Sahil\Documents\NoFold2 Eigen 3.3\NoFoldParameterization\Debug\link.8848-rc.write.1.tlog
C:\Users\Sahil\Documents\NoFold2 Eigen 3.3\NoFoldParameterization\Debug\link.8848.read.1.tlog
C:\Users\Sahil\Documents\NoFold2 Eigen 3.3\NoFoldParameterization\Debug\link.8848.write.1.tlog
C:\Users\Sahil\Documents\NoFold2 Eigen 3.3\NoFoldParameterization\Debug\link.8984-cvtres.read.1.tlog
C:\Users\Sahil\Documents\NoFold2 Eigen 3.3\NoFoldParameterization\Debug\link.8984-cvtres.write.1.tlog
C:\Users\Sahil\Documents\NoFold2 Eigen 3.3\NoFoldParameterization\Debug\link.8984-rc.read.1.tlog
C:\Users\Sahil\Documents\NoFold2 Eigen 3.3\NoFoldParameterization\Debug\link.8984-rc.write.1.tlog
C:\Users\Sahil\Documents\NoFold2 Eigen 3.3\NoFoldParameterization\Debug\link.8984.read.1.tlog
C:\Users\Sahil\Documents\NoFold2 Eigen 3.3\NoFoldParameterization\Debug\link.8984.write.1.tlog
C:\Users\Sahil\Documents\NoFold2 Eigen 3.3\NoFoldParameterization\Debug\link.9108-cvtres.read.1.tlog
C:\Users\Sahil\Documents\NoFold2 Eigen 3.3\NoFoldParameterization\Debug\link.9108-cvtres.write.1.tlog
C:\Users\Sahil\Documents\NoFold2 Eigen 3.3\NoFoldParameterization\Debug\link.9108-rc.read.1.tlog
C:\Users\Sahil\Documents\NoFold2 Eigen 3.3\NoFoldParameterization\Debug\link.9108-rc.write.1.tlog
C:\Users\Sahil\Documents\NoFold2 Eigen 3.3\NoFoldParameterization\Debug\link.9108.read.1.tlog
C:\Users\Sahil\Documents\NoFold2 Eigen 3.3\NoFoldParameterization\Debug\link.9108.write.1.tlog
C:\Users\Sahil\Documents\NoFold2 Eigen 3.3\NoFoldParameterization\Debug\link.command.1.tlog
C:\Users\Sahil\Documents\NoFold2 Eigen 3.3\NoFoldParameterization\Debug\link.read.1.tlog
C:\Users\Sahil\Documents\NoFold2 Eigen 3.3\NoFoldParameterization\Debug\link.write.1.tlog
C:\Users\Sahil\Documents\NoFold2 Eigen 3.3\NoFoldParameterization\Debug\vc110.idb
C:\Users\Sahil\Documents\NoFold2 Eigen 3.3\NoFoldParameterization\Debug\vc110.pdb
C:\Users\Sahil\Documents\NoFold2 Eigen 3.3\Debug\NoFoldCleanup.pdb
C:\Users\Sahil\Documents\NoFold2 Eigen 3.3\Debug\NoFoldCleanup.exe
C:\Users\Sahil\Documents\NoFold2 Eigen 3.3\Debug\NoFoldCleanup.ilk
