C:\USERS\SAHIL\DOCUMENTS\NOFOLD\NOFOLDPARAMETERIZATION\DEBUG\BARRIERMETHOD.CPP.NATIVECODEANALYSIS.XML
C:\USERS\SAHIL\DOCUMENTS\NOFOLD\NOFOLDPARAMETERIZATION\DEBUG\BARRIERMETHOD.OBJ
C:\USERS\SAHIL\DOCUMENTS\NOFOLD\NOFOLDPARAMETERIZATION\DEBUG\VC110.PDB
C:\USERS\SAHIL\DOCUMENTS\NOFOLD\NOFOLDPARAMETERIZATION\DEBUG\EVAL_FUNCTIONS.CPP.NATIVECODEANALYSIS.XML
C:\USERS\SAHIL\DOCUMENTS\NOFOLD\NOFOLDPARAMETERIZATION\DEBUG\EVAL_FUNCTIONS.OBJ
C:\USERS\SAHIL\DOCUMENTS\NOFOLD\NOFOLDPARAMETERIZATION\DEBUG\EVAL_HESSIAN.CPP.NATIVECODEANALYSIS.XML
C:\USERS\SAHIL\DOCUMENTS\NOFOLD\NOFOLDPARAMETERIZATION\DEBUG\EVAL_HESSIAN.OBJ
C:\USERS\SAHIL\DOCUMENTS\NOFOLD\NOFOLDPARAMETERIZATION\DEBUG\GLOBAL.CPP.NATIVECODEANALYSIS.XML
C:\USERS\SAHIL\DOCUMENTS\NOFOLD\NOFOLDPARAMETERIZATION\DEBUG\GLOBAL.OBJ
C:\USERS\SAHIL\DOCUMENTS\NOFOLD\NOFOLDPARAMETERIZATION\DEBUG\HALFEDGEMESH.CPP.NATIVECODEANALYSIS.XML
C:\USERS\SAHIL\DOCUMENTS\NOFOLD\NOFOLDPARAMETERIZATION\DEBUG\HALFEDGEMESH.OBJ
C:\USERS\SAHIL\DOCUMENTS\NOFOLD\NOFOLDPARAMETERIZATION\DEBUG\ISO_PRE.CPP.NATIVECODEANALYSIS.XML
C:\USERS\SAHIL\DOCUMENTS\NOFOLD\NOFOLDPARAMETERIZATION\DEBUG\ISO_PRE.OBJ
C:\Users\Sahil\Documents\NoFold\NoFoldParameterization\Debug\BarrierMethod.obj
C:\Users\Sahil\Documents\NoFold\NoFoldParameterization\Debug\eval_functions.obj
C:\Users\Sahil\Documents\NoFold\NoFoldParameterization\Debug\eval_hessian.obj
C:\Users\Sahil\Documents\NoFold\NoFoldParameterization\Debug\global.obj
C:\Users\Sahil\Documents\NoFold\NoFoldParameterization\Debug\HalfEdgeMesh.obj
C:\Users\Sahil\Documents\NoFold\NoFoldParameterization\Debug\iso_pre.obj
C:\Users\Sahil\Documents\NoFold\NoFoldParameterization\Debug\cl.command.1.tlog
C:\Users\Sahil\Documents\NoFold\NoFoldParameterization\Debug\CL.read.1.tlog
C:\Users\Sahil\Documents\NoFold\NoFoldParameterization\Debug\CL.write.1.tlog
C:\Users\Sahil\Documents\NoFold\NoFoldParameterization\Debug\vc110.idb
C:\Users\Sahil\Documents\NoFold\NoFoldParameterization\Debug\vc110.pdb
C:\Users\Sahil\Documents\NoFold\NoFoldParameterization\Debug\BarrierMethod.cpp.nativecodeanalysis.xml
C:\Users\Sahil\Documents\NoFold\NoFoldParameterization\Debug\eval_functions.cpp.nativecodeanalysis.xml
C:\Users\Sahil\Documents\NoFold\NoFoldParameterization\Debug\eval_hessian.cpp.nativecodeanalysis.xml
C:\Users\Sahil\Documents\NoFold\NoFoldParameterization\Debug\global.cpp.nativecodeanalysis.xml
C:\Users\Sahil\Documents\NoFold\NoFoldParameterization\Debug\HalfEdgeMesh.cpp.nativecodeanalysis.xml
C:\Users\Sahil\Documents\NoFold\NoFoldParameterization\Debug\iso_pre.cpp.nativecodeanalysis.xml
